# JRE version: OpenJDK Runtime Environment (21.0.1+12) (build 21.0.1+12-29)
# Java VM: OpenJDK 64-Bit Server VM (21.0.1+12-29, mixed mode, emulated-client, sharing, tiered, compressed oops, compressed class ptrs, g1 gc, linux-amd64)
GC Precious Log:
 CardTable entry size: 512
 Card Set container configuration: InlinePtr #cards 5 size 8 Array Of Cards #cards 12 size 40 Howl #buckets 4 coarsen threshold 1843 Howl Bitmap #cards 512 size 80 coarsen threshold 460 Card regions per heap region 1 cards per card region 2048
 CPUs: 8 total, 8 available
 Memory: 6857M
 Large Page Support: Disabled
 NUMA Support: Disabled
 Compressed Oops: Enabled (32-bit)
 Heap Region Size: 1M
 Heap Min Capacity: 8M
 Heap Initial Capacity: 108M
 Heap Max Capacity: 1716M
 Pre-touch: Disabled
 Parallel Workers: 8
 Concurrent Workers: 2
 Concurrent Refinement Workers: 8
 Periodic GC: Disabled
Heap:
 garbage-first heap   total 72704K, used 32210K [0x0000000094c00000, 0x0000000100000000)
  region size 1024K, 2 young (2048K), 1 survivors (1024K)
 Metaspace       used 66185K, committed 67456K, reserved 1114112K
  class space    used 9348K, committed 9856K, reserved 1048576K
GC Heap History (20 events):
Event: 6,781 GC heap before
{Heap before GC invocations=10 (full 0):
 garbage-first heap   total 58368K, used 48356K [0x0000000094c00000, 0x0000000100000000)
  region size 1024K, 28 young (28672K), 2 survivors (2048K)
 Metaspace       used 47752K, committed 48448K, reserved 1114112K
  class space    used 6453K, committed 6784K, reserved 1048576K
}
Event: 6,786 GC heap after
{Heap after GC invocations=11 (full 0):
 garbage-first heap   total 70656K, used 24147K [0x0000000094c00000, 0x0000000100000000)
  region size 1024K, 4 young (4096K), 4 survivors (4096K)
 Metaspace       used 47752K, committed 48448K, reserved 1114112K
  class space    used 6453K, committed 6784K, reserved 1048576K
}
Event: 7,716 GC heap before
{Heap before GC invocations=11 (full 0):
 garbage-first heap   total 70656K, used 58963K [0x0000000094c00000, 0x0000000100000000)
  region size 1024K, 39 young (39936K), 4 survivors (4096K)
 Metaspace       used 57140K, committed 57920K, reserved 1114112K
  class space    used 7975K, committed 8320K, reserved 1048576K
}
Event: 7,724 GC heap after
{Heap after GC invocations=12 (full 0):
 garbage-first heap   total 70656K, used 25636K [0x0000000094c00000, 0x0000000100000000)
  region size 1024K, 3 young (3072K), 3 survivors (3072K)
 Metaspace       used 57140K, committed 57920K, reserved 1114112K
  class space    used 7975K, committed 8320K, reserved 1048576K
}
Event: 7,992 GC heap before
{Heap before GC invocations=12 (full 0):
 garbage-first heap   total 70656K, used 38948K [0x0000000094c00000, 0x0000000100000000)
  region size 1024K, 17 young (17408K), 3 survivors (3072K)
 Metaspace       used 59766K, committed 60416K, reserved 1114112K
  class space    used 8283K, committed 8576K, reserved 1048576K
}
Event: 7,999 GC heap after
{Heap after GC invocations=13 (full 0):
 garbage-first heap   total 70656K, used 27008K [0x0000000094c00000, 0x0000000100000000)
  region size 1024K, 3 young (3072K), 3 survivors (3072K)
 Metaspace       used 59766K, committed 60416K, reserved 1114112K
  class space    used 8283K, committed 8576K, reserved 1048576K
}
Event: 8,457 GC heap before
{Heap before GC invocations=14 (full 0):
 garbage-first heap   total 70656K, used 61824K [0x0000000094c00000, 0x0000000100000000)
  region size 1024K, 37 young (37888K), 3 survivors (3072K)
 Metaspace       used 61395K, committed 62144K, reserved 1114112K
  class space    used 8631K, committed 8960K, reserved 1048576K
}
Event: 8,464 GC heap after
{Heap after GC invocations=15 (full 0):
 garbage-first heap   total 70656K, used 28476K [0x0000000094c00000, 0x0000000100000000)
  region size 1024K, 3 young (3072K), 3 survivors (3072K)
 Metaspace       used 61395K, committed 62144K, reserved 1114112K
  class space    used 8631K, committed 8960K, reserved 1048576K
}
Event: 9,211 GC heap before
{Heap before GC invocations=15 (full 0):
 garbage-first heap   total 70656K, used 63292K [0x0000000094c00000, 0x0000000100000000)
  region size 1024K, 37 young (37888K), 3 survivors (3072K)
 Metaspace       used 64641K, committed 65408K, reserved 1114112K
  class space    used 9148K, committed 9472K, reserved 1048576K
}
Event: 9,220 GC heap after
{Heap after GC invocations=16 (full 0):
 garbage-first heap   total 71680K, used 31868K [0x0000000094c00000, 0x0000000100000000)
  region size 1024K, 5 young (5120K), 5 survivors (5120K)
 Metaspace       used 64641K, committed 65408K, reserved 1114112K
  class space    used 9148K, committed 9472K, reserved 1048576K
}
Event: 116,950 GC heap before
{Heap before GC invocations=16 (full 0):
 garbage-first heap   total 71680K, used 61564K [0x0000000094c00000, 0x0000000100000000)
  region size 1024K, 34 young (34816K), 5 survivors (5120K)
 Metaspace       used 66570K, committed 67456K, reserved 1114112K
  class space    used 9451K, committed 9856K, reserved 1048576K
}
Event: 116,959 GC heap after
{Heap after GC invocations=17 (full 0):
 garbage-first heap   total 71680K, used 33706K [0x0000000094c00000, 0x0000000100000000)
  region size 1024K, 3 young (3072K), 3 survivors (3072K)
 Metaspace       used 66570K, committed 67456K, reserved 1114112K
  class space    used 9451K, committed 9856K, reserved 1048576K
}
Event: 540,102 GC heap before
{Heap before GC invocations=17 (full 0):
 garbage-first heap   total 71680K, used 63402K [0x0000000094c00000, 0x0000000100000000)
  region size 1024K, 32 young (32768K), 3 survivors (3072K)
 Metaspace       used 66572K, committed 67456K, reserved 1114112K
  class space    used 9451K, committed 9856K, reserved 1048576K
}
Event: 540,106 GC heap after
{Heap after GC invocations=18 (full 0):
 garbage-first heap   total 71680K, used 34185K [0x0000000094c00000, 0x0000000100000000)
  region size 1024K, 1 young (1024K), 1 survivors (1024K)
 Metaspace       used 66572K, committed 67456K, reserved 1114112K
  class space    used 9451K, committed 9856K, reserved 1048576K
}
Event: 979,801 GC heap before
{Heap before GC invocations=19 (full 0):
 garbage-first heap   total 71680K, used 64905K [0x0000000094c00000, 0x0000000100000000)
  region size 1024K, 31 young (31744K), 1 survivors (1024K)
 Metaspace       used 66161K, committed 67456K, reserved 1114112K
  class space    used 9344K, committed 9856K, reserved 1048576K
}
Event: 979,804 GC heap after
{Heap after GC invocations=20 (full 0):
 garbage-first heap   total 71680K, used 33810K [0x0000000094c00000, 0x0000000100000000)
  region size 1024K, 1 young (1024K), 1 survivors (1024K)
 Metaspace       used 66161K, committed 67456K, reserved 1114112K
  class space    used 9344K, committed 9856K, reserved 1048576K
}
Event: 1431,714 GC heap before
{Heap before GC invocations=20 (full 0):
 garbage-first heap   total 71680K, used 65554K [0x0000000094c00000, 0x0000000100000000)
  region size 1024K, 32 young (32768K), 1 survivors (1024K)
 Metaspace       used 66161K, committed 67456K, reserved 1114112K
  class space    used 9344K, committed 9856K, reserved 1048576K
}
Event: 1431,723 GC heap after
{Heap after GC invocations=21 (full 0):
 garbage-first heap   total 72704K, used 31429K [0x0000000094c00000, 0x0000000100000000)
  region size 1024K, 1 young (1024K), 1 survivors (1024K)
 Metaspace       used 66161K, committed 67456K, reserved 1114112K
  class space    used 9344K, committed 9856K, reserved 1048576K
}
Event: 1829,212 GC heap before
{Heap before GC invocations=21 (full 0):
 garbage-first heap   total 72704K, used 65221K [0x0000000094c00000, 0x0000000100000000)
  region size 1024K, 34 young (34816K), 1 survivors (1024K)
 Metaspace       used 66185K, committed 67456K, reserved 1114112K
  class space    used 9348K, committed 9856K, reserved 1048576K
}
Event: 1829,216 GC heap after
{Heap after GC invocations=22 (full 0):
 garbage-first heap   total 72704K, used 32210K [0x0000000094c00000, 0x0000000100000000)
  region size 1024K, 1 young (1024K), 1 survivors (1024K)
 Metaspace       used 66185K, committed 67456K, reserved 1114112K
  class space    used 9348K, committed 9856K, reserved 1048576K
}

